{
  "MiniTest": {
    "coverage": {
      "/home/akrarads/_AIT/sem1/WAE/web18-03/pracXam/config/environment.rb": [
        null,
        1,
        null,
        null,
        1
      ],
      "/home/akrarads/_AIT/sem1/WAE/web18-03/pracXam/config/environments/test.rb": [
        1,
        null,
        null,
        null,
        null,
        null,
        null,
        1,
        null,
        null,
        null,
        null,
        1,
        null,
        null,
        1,
        1,
        null,
        null,
        null,
        null,
        1,
        1,
        null,
        null,
        1,
        null,
        null,
        1,
        null,
        null,
        1,
        null,
        1,
        null,
        null,
        null,
        null,
        1,
        null,
        null,
        1,
        null,
        null,
        null,
        null
      ],
      "/home/akrarads/_AIT/sem1/WAE/web18-03/pracXam/config/initializers/active_admin.rb": [
        1,
        null,
        null,
        null,
        null,
        null,
        1,
        null,
        null,
        null,
        null,
        null,
        null,
        null,
        null,
        null,
        null,
        null,
        null,
        null,
        null,
        null,
        null,
        null,
        null,
        null,
        null,
        null,
        null,
        null,
        null,
        null,
        null,
        null,
        null,
        null,
        null,
        null,
        null,
        null,
        null,
        null,
        null,
        null,
        null,
        null,
        null,
        null,
        null,
        null,
        null,
        null,
        null,
        null,
        null,
        null,
        1,
        null,
        null,
        null,
        null,
        null,
        null,
        null,
        null,
        null,
        null,
        null,
        null,
        null,
        null,
        null,
        null,
        null,
        null,
        null,
        null,
        null,
        null,
        null,
        null,
        null,
        null,
        null,
        null,
        null,
        null,
        null,
        1,
        null,
        null,
        null,
        null,
        null,
        null,
        null,
        null,
        null,
        null,
        null,
        1,
        null,
        null,
        null,
        null,
        null,
        null,
        null,
        null,
        null,
        null,
        null,
        null,
        null,
        null,
        null,
        null,
        null,
        null,
        null,
        null,
        null,
        null,
        null,
        null,
        null,
        null,
        null,
        null,
        null,
        null,
        null,
        null,
        null,
        null,
        null,
        null,
        null,
        null,
        null,
        1,
        null,
        null,
        null,
        null,
        null,
        null,
        null,
        null,
        null,
        null,
        null,
        null,
        null,
        null,
        1,
        null,
        null,
        null,
        null,
        null,
        null,
        null,
        null,
        null,
        null,
        null,
        null,
        null,
        null,
        null,
        null,
        null,
        null,
        null,
        null,
        null,
        null,
        null,
        null,
        null,
        null,
        null,
        null,
        null,
        null,
        null,
        null,
        null,
        null,
        null,
        null,
        null,
        null,
        null,
        null,
        null,
        null,
        null,
        null,
        null,
        null,
        1,
        null,
        null,
        null,
        null,
        null,
        null,
        null,
        null,
        null,
        null,
        null,
        null,
        null,
        null,
        null,
        null,
        null,
        null,
        null,
        null,
        null,
        null,
        null,
        null,
        null,
        null,
        null,
        null,
        null,
        null,
        null,
        null,
        null,
        null,
        null,
        null,
        null,
        null,
        null,
        null,
        null,
        null,
        null,
        null,
        null,
        null,
        null,
        null,
        null,
        null,
        null,
        null,
        null,
        null,
        null,
        null,
        null,
        null,
        null,
        null,
        null,
        null,
        null,
        null,
        null,
        null,
        null,
        null,
        null,
        null,
        null,
        null,
        null,
        null,
        null,
        null,
        null,
        null,
        null,
        null,
        null,
        null,
        null,
        null,
        null,
        null,
        null,
        null,
        null,
        null
      ],
      "/home/akrarads/_AIT/sem1/WAE/web18-03/pracXam/config/initializers/application_controller_renderer.rb": [
        null,
        null,
        null,
        null,
        null,
        null,
        null,
        null
      ],
      "/home/akrarads/_AIT/sem1/WAE/web18-03/pracXam/config/initializers/assets.rb": [
        null,
        null,
        null,
        1,
        null,
        null,
        null,
        null,
        1,
        null,
        null,
        null,
        null,
        null
      ],
      "/home/akrarads/_AIT/sem1/WAE/web18-03/pracXam/config/initializers/backtrace_silencers.rb": [
        null,
        null,
        null,
        null,
        null,
        null,
        null
      ],
      "/home/akrarads/_AIT/sem1/WAE/web18-03/pracXam/config/initializers/content_security_policy.rb": [
        null,
        null,
        null,
        null,
        null,
        null,
        null,
        null,
        null,
        null,
        null,
        null,
        null,
        null,
        null,
        null,
        null,
        null,
        null,
        null,
        null,
        null,
        null,
        null,
        null
      ],
      "/home/akrarads/_AIT/sem1/WAE/web18-03/pracXam/config/initializers/cookies_serializer.rb": [
        null,
        null,
        null,
        null,
        1
      ],
      "/home/akrarads/_AIT/sem1/WAE/web18-03/pracXam/config/initializers/devise.rb": [
        null,
        null,
        null,
        null,
        1,
        null,
        1,
        1,
        null,
        null,
        null,
        null,
        null,
        null,
        null,
        null,
        null,
        null,
        null,
        null,
        null,
        null,
        null,
        null,
        null,
        null,
        null,
        null,
        null,
        null,
        null,
        null,
        1,
        null,
        null,
        null,
        null,
        null,
        null,
        null,
        null,
        null,
        null,
        null,
        1,
        null,
        null,
        null,
        null,
        null,
        null,
        null,
        null,
        null,
        1,
        null,
        null,
        null,
        null,
        null,
        null,
        null,
        null,
        null,
        null,
        null,
        1,
        null,
        null,
        null,
        null,
        1,
        null,
        null,
        null,
        null,
        null,
        null,
        null,
        null,
        null,
        null,
        null,
        null,
        null,
        null,
        null,
        null,
        null,
        null,
        null,
        null,
        null,
        null,
        null,
        null,
        null,
        null,
        null,
        null,
        null,
        null,
        1,
        null,
        null,
        null,
        null,
        null,
        null,
        null,
        null,
        null,
        null,
        null,
        null,
        null,
        null,
        null,
        null,
        null,
        null,
        null,
        null,
        null,
        null,
        1,
        null,
        null,
        null,
        null,
        null,
        null,
        null,
        null,
        null,
        null,
        null,
        null,
        null,
        null,
        null,
        null,
        null,
        null,
        null,
        null,
        null,
        null,
        null,
        null,
        null,
        null,
        null,
        null,
        null,
        null,
        1,
        null,
        null,
        null,
        null,
        null,
        null,
        null,
        null,
        null,
        1,
        null,
        null,
        null,
        null,
        null,
        null,
        null,
        null,
        null,
        null,
        1,
        null,
        null,
        null,
        null,
        1,
        null,
        null,
        null,
        null,
        null,
        null,
        null,
        null,
        null,
        null,
        null,
        null,
        null,
        null,
        null,
        null,
        null,
        null,
        null,
        null,
        null,
        null,
        null,
        null,
        null,
        null,
        null,
        null,
        null,
        null,
        null,
        null,
        null,
        null,
        null,
        null,
        null,
        null,
        null,
        null,
        1,
        null,
        null,
        null,
        null,
        null,
        null,
        null,
        null,
        null,
        null,
        null,
        null,
        null,
        null,
        null,
        null,
        null,
        null,
        null,
        null,
        null,
        null,
        null,
        null,
        null,
        null,
        null,
        null,
        null,
        null,
        null,
        null,
        null,
        null,
        null,
        null,
        null,
        null,
        null,
        null,
        null,
        1,
        null,
        null,
        null,
        null,
        null,
        null,
        null,
        null,
        null,
        null,
        null,
        null,
        null,
        null,
        null,
        null,
        null,
        null,
        null,
        null,
        null,
        null,
        null,
        null,
        null,
        null,
        null,
        null,
        null,
        null,
        null,
        null,
        null,
        null,
        null
      ],
      "/home/akrarads/_AIT/sem1/WAE/web18-03/pracXam/config/initializers/filter_parameter_logging.rb": [
        null,
        null,
        null,
        1
      ],
      "/home/akrarads/_AIT/sem1/WAE/web18-03/pracXam/config/initializers/inflections.rb": [
        null,
        null,
        null,
        null,
        null,
        null,
        null,
        null,
        null,
        null,
        null,
        null,
        null,
        null,
        null,
        null
      ],
      "/home/akrarads/_AIT/sem1/WAE/web18-03/pracXam/config/initializers/mime_types.rb": [
        null,
        null,
        null,
        null
      ],
      "/home/akrarads/_AIT/sem1/WAE/web18-03/pracXam/config/initializers/wrap_parameters.rb": [
        null,
        null,
        null,
        null,
        null,
        null,
        1,
        2,
        null,
        null,
        null,
        null,
        null,
        null
      ],
      "/home/akrarads/_AIT/sem1/WAE/web18-03/pracXam/config/routes.rb": [
        1,
        1,
        1,
        1,
        1,
        null,
        1,
        1,
        1,
        1,
        1,
        1,
        1,
        1,
        null,
        null
      ],
      "/home/akrarads/_AIT/sem1/WAE/web18-03/pracXam/app/controllers/application_controller.rb": [
        1,
        1,
        0,
        null,
        null
      ],
      "/home/akrarads/_AIT/sem1/WAE/web18-03/pracXam/app/helpers/application_helper.rb": [
        1,
        null
      ],
      "/home/akrarads/_AIT/sem1/WAE/web18-03/pracXam/app/helpers/discussion_comments_helper.rb": [
        1,
        null
      ],
      "/home/akrarads/_AIT/sem1/WAE/web18-03/pracXam/app/helpers/discussions_helper.rb": [
        1,
        null
      ],
      "/home/akrarads/_AIT/sem1/WAE/web18-03/pracXam/app/helpers/paper_reports_helper.rb": [
        1,
        null
      ],
      "/home/akrarads/_AIT/sem1/WAE/web18-03/pracXam/app/helpers/papers_helper.rb": [
        1,
        null
      ],
      "/home/akrarads/_AIT/sem1/WAE/web18-03/pracXam/app/helpers/subjects_helper.rb": [
        1,
        null
      ],
      "/home/akrarads/_AIT/sem1/WAE/web18-03/pracXam/app/helpers/user_reports_helper.rb": [
        1,
        null
      ],
      "/home/akrarads/_AIT/sem1/WAE/web18-03/pracXam/app/models/admin_user.rb": [
        1,
        null,
        null,
        1,
        null,
        null
      ],
      "/home/akrarads/_AIT/sem1/WAE/web18-03/pracXam/app/models/application_record.rb": [
        1,
        1,
        null
      ],
      "/home/akrarads/_AIT/sem1/WAE/web18-03/pracXam/app/admin/user.rb": [
        1,
        1,
        null,
        1,
        0,
        0,
        0,
        0,
        0,
        0,
        0,
        0,
        0,
        0,
        0,
        null,
        null
      ],
      "/home/akrarads/_AIT/sem1/WAE/web18-03/pracXam/app/models/user.rb": [
        1,
        null,
        null,
        1,
        null,
        1,
        1,
        1,
        1,
        1,
        null,
        1,
        null,
        0,
        null,
        0,
        null,
        0,
        null,
        0,
        null,
        0,
        null,
        null
      ],
      "/home/akrarads/_AIT/sem1/WAE/web18-03/pracXam/app/admin/admin_users.rb": [
        1,
        1,
        null,
        1,
        0,
        0,
        0,
        0,
        0,
        0,
        0,
        null,
        null,
        1,
        1,
        1,
        1,
        null,
        1,
        0,
        0,
        0,
        0,
        null,
        0,
        null,
        null,
        null
      ],
      "/home/akrarads/_AIT/sem1/WAE/web18-03/pracXam/app/admin/dashboard.rb": [
        1,
        null,
        1,
        null,
        1,
        0,
        0,
        0,
        0,
        null,
        null,
        null,
        null,
        null,
        null,
        null,
        null,
        null,
        null,
        null,
        null,
        null,
        null,
        null,
        null,
        null,
        null,
        null,
        null,
        null,
        null,
        null,
        null
      ],
      "/home/akrarads/_AIT/sem1/WAE/web18-03/pracXam/test/models/admin_user_test.rb": [
        1,
        null,
        1,
        null,
        null,
        null,
        null
      ],
      "/home/akrarads/_AIT/sem1/WAE/web18-03/pracXam/test/models/discussion_comment_test.rb": [
        1,
        null,
        1,
        null,
        null,
        null,
        null
      ],
      "/home/akrarads/_AIT/sem1/WAE/web18-03/pracXam/test/models/discussion_test.rb": [
        1,
        null,
        1,
        null,
        null,
        null,
        null
      ],
      "/home/akrarads/_AIT/sem1/WAE/web18-03/pracXam/test/models/discussion_upvote_test.rb": [
        1,
        null,
        1,
        null,
        null,
        null,
        null
      ],
      "/home/akrarads/_AIT/sem1/WAE/web18-03/pracXam/test/models/paper_difficulty_test.rb": [
        1,
        null,
        1,
        null,
        null,
        null,
        null
      ],
      "/home/akrarads/_AIT/sem1/WAE/web18-03/pracXam/test/models/paper_feedback_test.rb": [
        1,
        null,
        1,
        null,
        null,
        null,
        null
      ],
      "/home/akrarads/_AIT/sem1/WAE/web18-03/pracXam/test/models/paper_report_test.rb": [
        1,
        null,
        1,
        null,
        null,
        null,
        null
      ],
      "/home/akrarads/_AIT/sem1/WAE/web18-03/pracXam/test/models/paper_test.rb": [
        1,
        null,
        1,
        null,
        null,
        null,
        null
      ],
      "/home/akrarads/_AIT/sem1/WAE/web18-03/pracXam/test/models/subject_test.rb": [
        1,
        null,
        1,
        null,
        null,
        null,
        null
      ],
      "/home/akrarads/_AIT/sem1/WAE/web18-03/pracXam/test/models/user_report_test.rb": [
        1,
        null,
        1,
        null,
        null,
        null,
        null
      ],
      "/home/akrarads/_AIT/sem1/WAE/web18-03/pracXam/test/models/user_test.rb": [
        1,
        null,
        1,
        null,
        null,
        null,
        null
      ],
      "/home/akrarads/_AIT/sem1/WAE/web18-03/pracXam/app/models/paper.rb": [
        1,
        1,
        1,
        1,
        1,
        1,
        null
      ],
      "/home/akrarads/_AIT/sem1/WAE/web18-03/pracXam/app/models/discussion_upvote.rb": [
        1,
        1,
        1,
        null
      ],
      "/home/akrarads/_AIT/sem1/WAE/web18-03/pracXam/app/models/user_report.rb": [
        1,
        1,
        1,
        null
      ],
      "/home/akrarads/_AIT/sem1/WAE/web18-03/pracXam/app/models/discussion_comment.rb": [
        1,
        1,
        1,
        null
      ],
      "/home/akrarads/_AIT/sem1/WAE/web18-03/pracXam/app/models/paper_difficulty.rb": [
        1,
        1,
        1,
        null
      ],
      "/home/akrarads/_AIT/sem1/WAE/web18-03/pracXam/app/models/subject.rb": [
        1,
        1,
        null
      ],
      "/home/akrarads/_AIT/sem1/WAE/web18-03/pracXam/app/models/paper_feedback.rb": [
        1,
        1,
        1,
        null
      ],
      "/home/akrarads/_AIT/sem1/WAE/web18-03/pracXam/app/models/discussion.rb": [
        1,
        1,
        1,
        null
      ],
      "/home/akrarads/_AIT/sem1/WAE/web18-03/pracXam/app/models/paper_report.rb": [
        1,
        1,
        1,
        null
      ],
      "/home/akrarads/_AIT/sem1/WAE/web18-03/pracXam/app/controllers/user_reports_controller.rb": [
        1,
        1,
        1,
        null,
        null,
        null,
        1,
        1,
        null,
        null,
        null,
        null,
        1,
        null,
        null,
        null,
        1,
        1,
        null,
        null,
        null,
        null,
        null,
        null,
        null,
        null,
        1,
        1,
        null,
        1,
        1,
        2,
        1,
        null,
        0,
        0,
        null,
        null,
        null,
        null,
        null,
        null,
        null,
        null,
        null,
        null,
        null,
        null,
        null,
        null,
        null,
        null,
        null,
        null,
        null,
        null,
        1,
        1,
        1,
        2,
        1,
        null,
        null,
        null,
        1,
        null,
        1,
        2,
        null,
        null,
        null,
        1,
        1,
        null,
        null
      ]
    },
    "timestamp": 1540181788
  },
  "RSpec": {
    "coverage": {
      "/home/akrarads/_AIT/sem1/WAE/web18-03/pracXam/config/environment.rb": [
        null,
        1,
        null,
        null,
        1
      ],
      "/home/akrarads/_AIT/sem1/WAE/web18-03/pracXam/config/environments/test.rb": [
        1,
        null,
        null,
        null,
        null,
        null,
        null,
        1,
        null,
        null,
        null,
        null,
        1,
        null,
        null,
        1,
        1,
        null,
        null,
        null,
        null,
        1,
        1,
        null,
        null,
        1,
        null,
        null,
        1,
        null,
        null,
        1,
        null,
        1,
        null,
        null,
        null,
        null,
        1,
        null,
        null,
        1,
        null,
        null,
        null,
        null
      ],
      "/home/akrarads/_AIT/sem1/WAE/web18-03/pracXam/config/initializers/active_admin.rb": [
        1,
        null,
        null,
        null,
        null,
        null,
        1,
        null,
        null,
        null,
        null,
        null,
        null,
        null,
        null,
        null,
        null,
        null,
        null,
        null,
        null,
        null,
        null,
        null,
        null,
        null,
        null,
        null,
        null,
        null,
        null,
        null,
        null,
        null,
        null,
        null,
        null,
        null,
        null,
        null,
        null,
        null,
        null,
        null,
        null,
        null,
        null,
        null,
        null,
        null,
        null,
        null,
        null,
        null,
        null,
        null,
        1,
        null,
        null,
        null,
        null,
        null,
        null,
        null,
        null,
        null,
        null,
        null,
        null,
        null,
        null,
        null,
        null,
        null,
        null,
        null,
        null,
        null,
        null,
        null,
        null,
        null,
        null,
        null,
        null,
        null,
        null,
        null,
        1,
        null,
        null,
        null,
        null,
        null,
        null,
        null,
        null,
        null,
        null,
        null,
        1,
        null,
        null,
        null,
        null,
        null,
        null,
        null,
        null,
        null,
        null,
        null,
        null,
        null,
        null,
        null,
        null,
        null,
        null,
        null,
        null,
        1,
        null,
        null,
        null,
        null,
        null,
        null,
        null,
        null,
        null,
        null,
        null,
        null,
        null,
        null,
        null,
        null,
        null,
        null,
        1,
        null,
        null,
        null,
        null,
        null,
        null,
        null,
        null,
        null,
        null,
        null,
        null,
        null,
        null,
        1,
        null,
        null,
        null,
        null,
        null,
        null,
        null,
        null,
        null,
        null,
        null,
        null,
        null,
        null,
        null,
        null,
        null,
        null,
        null,
        null,
        null,
        null,
        null,
        null,
        null,
        null,
        null,
        null,
        null,
        null,
        null,
        null,
        null,
        null,
        null,
        null,
        null,
        null,
        null,
        null,
        null,
        null,
        null,
        null,
        null,
        null,
        1,
        null,
        null,
        null,
        null,
        null,
        null,
        null,
        null,
        null,
        null,
        null,
        null,
        null,
        null,
        null,
        null,
        null,
        null,
        null,
        null,
        null,
        null,
        null,
        null,
        null,
        null,
        null,
        null,
        null,
        null,
        null,
        null,
        null,
        null,
        null,
        null,
        null,
        null,
        null,
        null,
        null,
        null,
        null,
        null,
        null,
        null,
        null,
        null,
        null,
        null,
        null,
        null,
        null,
        null,
        null,
        null,
        null,
        null,
        null,
        null,
        null,
        null,
        null,
        null,
        null,
        null,
        null,
        null,
        null,
        null,
        null,
        null,
        null,
        null,
        null,
        null,
        null,
        null,
        null,
        null,
        null,
        null,
        null,
        null,
        null,
        null,
        null,
        null,
        null,
        null
      ],
      "/home/akrarads/_AIT/sem1/WAE/web18-03/pracXam/config/initializers/application_controller_renderer.rb": [
        null,
        null,
        null,
        null,
        null,
        null,
        null,
        null
      ],
      "/home/akrarads/_AIT/sem1/WAE/web18-03/pracXam/config/initializers/assets.rb": [
        null,
        null,
        null,
        1,
        null,
        null,
        null,
        null,
        1,
        null,
        null,
        null,
        null,
        null
      ],
      "/home/akrarads/_AIT/sem1/WAE/web18-03/pracXam/config/initializers/backtrace_silencers.rb": [
        null,
        null,
        null,
        null,
        null,
        null,
        null
      ],
      "/home/akrarads/_AIT/sem1/WAE/web18-03/pracXam/config/initializers/content_security_policy.rb": [
        null,
        null,
        null,
        null,
        null,
        null,
        null,
        null,
        null,
        null,
        null,
        null,
        null,
        null,
        null,
        null,
        null,
        null,
        null,
        null,
        null,
        null,
        null,
        null,
        null
      ],
      "/home/akrarads/_AIT/sem1/WAE/web18-03/pracXam/config/initializers/cookies_serializer.rb": [
        null,
        null,
        null,
        null,
        1
      ],
      "/home/akrarads/_AIT/sem1/WAE/web18-03/pracXam/config/initializers/devise.rb": [
        null,
        null,
        null,
        null,
        1,
        null,
        1,
        1,
        null,
        null,
        null,
        null,
        null,
        null,
        null,
        null,
        null,
        null,
        null,
        null,
        null,
        null,
        null,
        null,
        null,
        null,
        null,
        null,
        null,
        null,
        null,
        null,
        1,
        null,
        null,
        null,
        null,
        null,
        null,
        null,
        null,
        null,
        null,
        null,
        1,
        null,
        null,
        null,
        null,
        null,
        null,
        null,
        null,
        null,
        1,
        null,
        null,
        null,
        null,
        null,
        null,
        null,
        null,
        null,
        null,
        null,
        1,
        null,
        null,
        null,
        null,
        1,
        null,
        null,
        null,
        null,
        null,
        null,
        null,
        null,
        null,
        null,
        null,
        null,
        null,
        null,
        null,
        null,
        null,
        null,
        null,
        null,
        null,
        null,
        null,
        null,
        null,
        null,
        null,
        null,
        null,
        null,
        1,
        null,
        null,
        null,
        null,
        null,
        null,
        null,
        null,
        null,
        null,
        null,
        null,
        null,
        null,
        null,
        null,
        null,
        null,
        null,
        null,
        null,
        null,
        1,
        null,
        null,
        null,
        null,
        null,
        null,
        null,
        null,
        null,
        null,
        null,
        null,
        null,
        null,
        null,
        null,
        null,
        null,
        null,
        null,
        null,
        null,
        null,
        null,
        null,
        null,
        null,
        null,
        null,
        null,
        1,
        null,
        null,
        null,
        null,
        null,
        null,
        null,
        null,
        null,
        1,
        null,
        null,
        null,
        null,
        null,
        null,
        null,
        null,
        null,
        null,
        1,
        null,
        null,
        null,
        null,
        1,
        null,
        null,
        null,
        null,
        null,
        null,
        null,
        null,
        null,
        null,
        null,
        null,
        null,
        null,
        null,
        null,
        null,
        null,
        null,
        null,
        null,
        null,
        null,
        null,
        null,
        null,
        null,
        null,
        null,
        null,
        null,
        null,
        null,
        null,
        null,
        null,
        null,
        null,
        null,
        null,
        1,
        null,
        null,
        null,
        null,
        null,
        null,
        null,
        null,
        null,
        null,
        null,
        null,
        null,
        null,
        null,
        null,
        null,
        null,
        null,
        null,
        null,
        null,
        null,
        null,
        null,
        null,
        null,
        null,
        null,
        null,
        null,
        null,
        null,
        null,
        null,
        null,
        null,
        null,
        null,
        null,
        null,
        1,
        null,
        null,
        null,
        null,
        null,
        null,
        null,
        null,
        null,
        null,
        null,
        null,
        null,
        null,
        null,
        null,
        null,
        null,
        null,
        null,
        null,
        null,
        null,
        null,
        null,
        null,
        null,
        null,
        null,
        null,
        null,
        null,
        null,
        null,
        null
      ],
      "/home/akrarads/_AIT/sem1/WAE/web18-03/pracXam/config/initializers/filter_parameter_logging.rb": [
        null,
        null,
        null,
        1
      ],
      "/home/akrarads/_AIT/sem1/WAE/web18-03/pracXam/config/initializers/inflections.rb": [
        null,
        null,
        null,
        null,
        null,
        null,
        null,
        null,
        null,
        null,
        null,
        null,
        null,
        null,
        null,
        null
      ],
      "/home/akrarads/_AIT/sem1/WAE/web18-03/pracXam/config/initializers/mime_types.rb": [
        null,
        null,
        null,
        null
      ],
      "/home/akrarads/_AIT/sem1/WAE/web18-03/pracXam/config/initializers/wrap_parameters.rb": [
        null,
        null,
        null,
        null,
        null,
        null,
        1,
        2,
        null,
        null,
        null,
        null,
        null,
        null
      ],
      "/home/akrarads/_AIT/sem1/WAE/web18-03/pracXam/config/routes.rb": [
        1,
        1,
        1,
        1,
        1,
        null,
        1,
        1,
        1,
        1,
        1,
        1,
        1,
        1,
        1,
        1,
        1,
        1,
        1,
        null,
        null
      ],
      "/home/akrarads/_AIT/sem1/WAE/web18-03/pracXam/app/helpers/application_helper.rb": [
        1,
        null
      ],
      "/home/akrarads/_AIT/sem1/WAE/web18-03/pracXam/app/helpers/discussion_comments_helper.rb": [
        1,
        null
      ],
      "/home/akrarads/_AIT/sem1/WAE/web18-03/pracXam/app/helpers/discussions_helper.rb": [
        1,
        null
      ],
      "/home/akrarads/_AIT/sem1/WAE/web18-03/pracXam/app/helpers/paper_reports_helper.rb": [
        1,
        null
      ],
      "/home/akrarads/_AIT/sem1/WAE/web18-03/pracXam/app/helpers/papers_helper.rb": [
        1,
        null
      ],
      "/home/akrarads/_AIT/sem1/WAE/web18-03/pracXam/app/helpers/subjects_helper.rb": [
        1,
        null
      ],
      "/home/akrarads/_AIT/sem1/WAE/web18-03/pracXam/app/helpers/user_reports_helper.rb": [
        1,
        null
      ],
      "/home/akrarads/_AIT/sem1/WAE/web18-03/pracXam/app/models/application_record.rb": [
        1,
        1,
        null
      ],
      "/home/akrarads/_AIT/sem1/WAE/web18-03/pracXam/app/models/user.rb": [
        1,
        1,
        null,
        null,
        null,
        null,
        1,
        null,
        1,
        1,
        1,
        1,
        1,
        1,
        1,
        1,
        1,
        null,
        1,
        null,
        1,
        null,
        1,
        null,
        1,
        null,
        1,
        null,
        1,
        null,
        null
      ],
      "/home/akrarads/_AIT/sem1/WAE/web18-03/pracXam/test/controllers/discussions_controller_test.rb": [
        1,
        null,
        1,
        1,
        1,
        10,
        10,
        10,
        10,
        null,
        null,
        1,
        1,
        1,
        null,
        null,
        1,
        1,
        1,
        null,
        null,
        1,
        1,
        1,
        null,
        null,
        null,
        null,
        null,
        null,
        null,
        1,
        null,
        null,
        1,
        1,
        1,
        null,
        null,
        null,
        null,
        null,
        null,
        null,
        null,
        null,
        null,
        1,
        1,
        1,
        null,
        null,
        1,
        1,
        1,
        null,
        null,
        1,
        1,
        1,
        null,
        null,
        1,
        1,
        null,
        null,
        null,
        null,
        null,
        1,
        null,
        null,
        1,
        1,
        1,
        null,
        null,
        null,
        1,
        null,
        null,
        1,
        1,
        1,
        null,
        null,
        null,
        1,
        null,
        null
      ],
      "/home/akrarads/_AIT/sem1/WAE/web18-03/pracXam/test/controllers/paper_reports_controller_test.rb": [
        1,
        null,
        1,
        1,
        1,
        9,
        9,
        9,
        9,
        9,
        null,
        null,
        1,
        1,
        1,
        null,
        null,
        1,
        1,
        1,
        null,
        null,
        1,
        1,
        1,
        null,
        null,
        null,
        null,
        null,
        null,
        null,
        1,
        null,
        null,
        1,
        null,
        1,
        1,
        null,
        null,
        null,
        null,
        null,
        null,
        null,
        null,
        null,
        null,
        1,
        1,
        1,
        null,
        null,
        1,
        1,
        1,
        null,
        null,
        1,
        1,
        null,
        null,
        null,
        null,
        null,
        1,
        null,
        null,
        1,
        null,
        1,
        null,
        null,
        null,
        null,
        null,
        1,
        null,
        null,
        1,
        1,
        1,
        null,
        null,
        1,
        null,
        null
      ],
      "/home/akrarads/_AIT/sem1/WAE/web18-03/pracXam/test/controllers/papers_controller_test.rb": [
        1,
        null,
        1,
        1,
        1,
        18,
        18,
        null,
        null,
        1,
        1,
        1,
        null,
        null,
        1,
        1,
        1,
        null,
        null,
        1,
        1,
        1,
        null,
        null,
        null,
        null,
        null,
        null,
        null,
        null,
        null,
        null,
        null,
        null,
        null,
        1,
        null,
        null,
        null,
        1,
        1,
        1,
        null,
        null,
        null,
        null,
        null,
        null,
        null,
        null,
        null,
        null,
        null,
        null,
        null,
        null,
        1,
        1,
        1,
        null,
        null,
        1,
        1,
        1,
        null,
        null,
        1,
        1,
        null,
        1,
        null,
        null,
        1,
        1,
        null,
        null,
        null,
        null,
        null,
        null,
        null,
        null,
        null,
        null,
        1,
        null,
        null,
        1,
        1,
        1,
        null,
        null,
        1,
        null,
        null,
        null,
        null,
        1,
        1,
        null,
        1,
        null,
        null,
        1,
        1,
        1,
        null,
        1,
        null,
        null,
        1,
        1,
        1,
        1,
        null,
        null,
        1,
        null,
        null,
        1,
        1,
        1,
        null,
        null,
        1,
        null,
        null,
        null,
        1,
        1,
        null,
        1,
        null,
        null,
        1,
        1,
        1,
        null,
        1,
        null,
        null,
        1,
        1,
        1,
        1,
        null,
        null,
        1,
        null,
        null,
        1,
        1,
        1,
        null,
        null,
        1,
        null,
        null,
        1,
        1,
        1,
        null,
        null,
        1,
        null,
        null,
        null
      ],
      "/home/akrarads/_AIT/sem1/WAE/web18-03/pracXam/test/controllers/subjects_controller_test.rb": [
        1,
        null,
        1,
        1,
        1,
        10,
        10,
        10,
        null,
        null,
        1,
        1,
        1,
        null,
        null,
        1,
        1,
        1,
        null,
        null,
        1,
        1,
        1,
        null,
        null,
        null,
        null,
        null,
        null,
        null,
        null,
        1,
        null,
        null,
        null,
        1,
        1,
        1,
        null,
        null,
        null,
        null,
        null,
        null,
        null,
        null,
        null,
        null,
        1,
        1,
        1,
        null,
        null,
        1,
        1,
        1,
        null,
        null,
        1,
        1,
        null,
        null,
        null,
        null,
        null,
        null,
        1,
        null,
        null,
        1,
        1,
        null,
        null,
        null,
        null,
        null,
        null,
        null,
        1,
        null,
        null,
        1,
        1,
        1,
        null,
        null,
        1,
        null,
        null,
        1,
        1,
        1,
        null,
        null,
        null
      ],
      "/home/akrarads/_AIT/sem1/WAE/web18-03/pracXam/test/controllers/user_reports_controller_test.rb": [
        1,
        1,
        1,
        1,
        6,
        6,
        null,
        1,
        1,
        1,
        null,
        null,
        1,
        1,
        1,
        null,
        null,
        1,
        1,
        1,
        null,
        null,
        1,
        null,
        null,
        1,
        1,
        1,
        null,
        null,
        null,
        null,
        null,
        1,
        1,
        1,
        null,
        null,
        null,
        null,
        null,
        null,
        null,
        null,
        null,
        null,
        null,
        null,
        1,
        1,
        1,
        null,
        null,
        1,
        null,
        null
      ],
      "/home/akrarads/_AIT/sem1/WAE/web18-03/pracXam/test/models/discussion_comment_test.rb": [
        1,
        null,
        1,
        null,
        null,
        null,
        null
      ],
      "/home/akrarads/_AIT/sem1/WAE/web18-03/pracXam/test/models/discussion_test.rb": [
        1,
        null,
        1,
        null,
        null,
        null,
        null
      ],
      "/home/akrarads/_AIT/sem1/WAE/web18-03/pracXam/test/models/discussion_upvote_test.rb": [
        1,
        null,
        1,
        null,
        null,
        null,
        null
      ],
      "/home/akrarads/_AIT/sem1/WAE/web18-03/pracXam/test/models/paper_difficulty_test.rb": [
        1,
        null,
        1,
        null,
        null,
        null,
        null
      ],
      "/home/akrarads/_AIT/sem1/WAE/web18-03/pracXam/test/models/paper_feedback_test.rb": [
        1,
        null,
        1,
        null,
        null,
        null,
        null
      ],
      "/home/akrarads/_AIT/sem1/WAE/web18-03/pracXam/test/models/paper_report_test.rb": [
        1,
        null,
        1,
        null,
        null,
        null,
        null
      ],
      "/home/akrarads/_AIT/sem1/WAE/web18-03/pracXam/test/models/paper_test.rb": [
        1,
        null,
        1,
        null,
        null,
        null,
        null
      ],
      "/home/akrarads/_AIT/sem1/WAE/web18-03/pracXam/test/models/subject_test.rb": [
        1,
        null,
        1,
        null,
        null,
        null,
        null
      ],
      "/home/akrarads/_AIT/sem1/WAE/web18-03/pracXam/test/models/user_report_test.rb": [
        1,
        null,
        1,
        null,
        null,
        null,
        null
      ],
      "/home/akrarads/_AIT/sem1/WAE/web18-03/pracXam/test/models/user_test.rb": [
        1,
        null,
        1,
        1,
        1,
        1,
        null,
        null,
        null,
        null,
        null
      ],
      "/home/akrarads/_AIT/sem1/WAE/web18-03/pracXam/app/models/paper.rb": [
        1,
        1,
        1,
        1,
        1,
        null,
        1,
        1,
        null,
        1,
        1,
        1,
        1,
        1,
        1,
        1,
        null,
        1,
        1,
        null,
        1,
        4,
        null,
        null,
        1,
        2,
        2,
        1,
        null,
        1,
        null,
        null,
        null,
        1,
        2,
        2,
        null,
        null,
        1,
        7,
        null,
        null,
        1,
        3,
        null,
        null,
        1,
        2,
        null,
        null
      ],
      "/home/akrarads/_AIT/sem1/WAE/web18-03/pracXam/app/models/discussion_upvote.rb": [
        1,
        1,
        1,
        null
      ],
      "/home/akrarads/_AIT/sem1/WAE/web18-03/pracXam/app/models/user_report.rb": [
        1,
        1,
        1,
        null
      ],
      "/home/akrarads/_AIT/sem1/WAE/web18-03/pracXam/app/models/discussion_comment.rb": [
        1,
        1,
        1,
        1,
        1,
        2,
        null,
        null,
        1,
        8,
        null,
        null,
        null
      ],
      "/home/akrarads/_AIT/sem1/WAE/web18-03/pracXam/app/models/paper_difficulty.rb": [
        1,
        1,
        null,
        1,
        1,
        null
      ],
      "/home/akrarads/_AIT/sem1/WAE/web18-03/pracXam/app/models/subject.rb": [
        1,
        1,
        1,
        1,
        null,
        null,
        null,
        1,
        1,
        null,
        1,
        1,
        null,
        1,
        2,
        2,
        null,
        null,
        1,
        2,
        null,
        null,
        1,
        9,
        null,
        null
      ],
      "/home/akrarads/_AIT/sem1/WAE/web18-03/pracXam/app/models/paper_feedback.rb": [
        1,
        1,
        1,
        null
      ],
      "/home/akrarads/_AIT/sem1/WAE/web18-03/pracXam/app/models/discussion.rb": [
        1,
        1,
        1,
        1,
        1,
        1,
        1,
        2,
        null,
        null,
        1,
        8,
        null,
        null,
        1,
        2,
        null,
        null
      ],
      "/home/akrarads/_AIT/sem1/WAE/web18-03/pracXam/app/models/paper_report.rb": [
        1,
        1,
        1,
        null,
        1,
        null
      ],
      "/home/akrarads/_AIT/sem1/WAE/web18-03/pracXam/app/controllers/discussions_controller.rb": [
        1,
        1,
        1,
        null,
        null,
        null,
        1,
        1,
        null,
        null,
        null,
        null,
        1,
        null,
        null,
        null,
        1,
        1,
        null,
        null,
        null,
        1,
        null,
        null,
        null,
        null,
        1,
        2,
        2,
        2,
        2,
        2,
        1,
        null,
        2,
        1,
        null,
        null,
        null,
        null,
        null,
        null,
        1,
        2,
        2,
        2,
        1,
        null,
        2,
        1,
        null,
        null,
        null,
        null,
        null,
        null,
        1,
        2,
        2,
        2,
        2,
        2,
        1,
        null,
        2,
        null,
        null,
        null,
        null,
        1,
        null,
        1,
        null,
        6,
        null,
        null,
        null,
        null,
        null,
        null,
        1,
        4,
        null,
        null
      ],
      "/home/akrarads/_AIT/sem1/WAE/web18-03/pracXam/app/controllers/subjects_controller.rb": [
        1,
        1,
        1,
        1,
        null,
        null,
        null,
        1,
        1,
        null,
        null,
        null,
        null,
        1,
        null,
        null,
        null,
        1,
        1,
        null,
        null,
        null,
        1,
        null,
        null,
        null,
        null,
        1,
        2,
        null,
        2,
        2,
        2,
        1,
        null,
        2,
        1,
        null,
        null,
        null,
        null,
        null,
        null,
        1,
        2,
        2,
        2,
        1,
        null,
        2,
        1,
        null,
        null,
        null,
        null,
        null,
        null,
        1,
        2,
        2,
        2,
        2,
        1,
        null,
        2,
        null,
        null,
        null,
        null,
        1,
        null,
        1,
        4,
        null,
        null,
        null,
        1,
        6,
        null,
        null,
        1,
        1,
        1,
        1,
        1,
        1,
        null,
        null,
        1,
        1,
        3,
        3,
        null,
        null,
        null
      ],
      "/home/akrarads/_AIT/sem1/WAE/web18-03/pracXam/app/controllers/papers_controller.rb": [
        1,
        1,
        1,
        1,
        null,
        null,
        1,
        1,
        1,
        1,
        1,
        null,
        null,
        null,
        null,
        null,
        1,
        1,
        null,
        null,
        null,
        null,
        1,
        1,
        null,
        null,
        null,
        1,
        null,
        null,
        null,
        null,
        1,
        2,
        2,
        2,
        2,
        2,
        1,
        null,
        2,
        1,
        null,
        null,
        null,
        null,
        null,
        null,
        1,
        2,
        2,
        2,
        1,
        null,
        2,
        1,
        null,
        null,
        null,
        null,
        null,
        null,
        1,
        1,
        1,
        2,
        1,
        null,
        null,
        null,
        null,
        null,
        1,
        4,
        4,
        4,
        null,
        2,
        null,
        null,
        2,
        2,
        1,
        null,
        1,
        null,
        null,
        4,
        null,
        null,
        1,
        2,
        2,
        2,
        1,
        null,
        2,
        2,
        null,
        2,
        null,
        null,
        null,
        1,
        5,
        5,
        5,
        null,
        3,
        null,
        null,
        2,
        2,
        1,
        null,
        1,
        null,
        null,
        5,
        null,
        null,
        null,
        1,
        3,
        3,
        3,
        2,
        2,
        1,
        null,
        1,
        1,
        null,
        null,
        1,
        1,
        null,
        null,
        3,
        null,
        null,
        1,
        null,
        null,
        1,
        4,
        null,
        null,
        null,
        1,
        14,
        null,
        null,
        1,
        7,
        7,
        7,
        7,
        7,
        7,
        7,
        null,
        null,
        7,
        7,
        21,
        21,
        null,
        null,
        null
      ],
      "/home/akrarads/_AIT/sem1/WAE/web18-03/pracXam/app/controllers/user_reports_controller.rb": [
        1,
        1,
        1,
        null,
        null,
        null,
        1,
        1,
        null,
        null,
        null,
        null,
        1,
        null,
        null,
        null,
        1,
        1,
        null,
        null,
        null,
        null,
        null,
        null,
        null,
        null,
        1,
        2,
        null,
        2,
        2,
        2,
        1,
        null,
        2,
        1,
        null,
        null,
        null,
        null,
        null,
        null,
        null,
        null,
        null,
        null,
        null,
        null,
        null,
        null,
        null,
        null,
        null,
        null,
        null,
        null,
        1,
        1,
        1,
        2,
        1,
        null,
        null,
        null,
        1,
        null,
        1,
        2,
        null,
        null,
        null,
        1,
        2,
        null,
        null
      ],
      "/home/akrarads/_AIT/sem1/WAE/web18-03/pracXam/app/controllers/discussion_comments_controller.rb": [
        1,
        1,
        1,
        null,
        null,
        null,
        1,
        1,
        null,
        null,
        null,
        null,
        1,
        null,
        null,
        null,
        1,
        1,
        null,
        null,
        null,
        1,
        null,
        null,
        null,
        null,
        1,
        2,
        2,
        2,
        2,
        2,
        1,
        null,
        2,
        1,
        null,
        null,
        null,
        null,
        null,
        null,
        1,
        2,
        2,
        2,
        1,
        null,
        2,
        1,
        null,
        null,
        null,
        null,
        null,
        null,
        1,
        2,
        2,
        2,
        2,
        2,
        1,
        null,
        2,
        null,
        null,
        null,
        null,
        1,
        null,
        1,
        6,
        null,
        null,
        null,
        1,
        4,
        null,
        null
      ],
      "/home/akrarads/_AIT/sem1/WAE/web18-03/pracXam/app/controllers/paper_reports_controller.rb": [
        1,
        1,
        1,
        null,
        null,
        null,
        1,
        1,
        null,
        null,
        null,
        null,
        1,
        null,
        null,
        null,
        1,
        1,
        null,
        null,
        null,
        1,
        null,
        null,
        null,
        null,
        1,
        2,
        null,
        2,
        2,
        2,
        1,
        null,
        2,
        1,
        null,
        null,
        null,
        null,
        null,
        null,
        1,
        2,
        2,
        2,
        1,
        null,
        2,
        1,
        null,
        null,
        null,
        null,
        null,
        null,
        1,
        1,
        1,
        2,
        1,
        null,
        null,
        null,
        1,
        null,
        1,
        5,
        null,
        null,
        null,
        1,
        4,
        null,
        null
      ]
    },
    "timestamp": 1543587059
  }
}
